KleioTranslator - server version 10.15 - build 443 (MHK: 2046/mariadb) (2022-01-20 14:25:22, MHK: 02/02/2022 19:03 )
30-10-2023 19-15

Processing data file sbartolomeupub_CRISTINA GUARDADO1.cli
-------------------------------------------
Generic Act translation module with geoentities (XML).
     Joaquim Ramos de Carvalho (joaquim@uc.pt) 
** New document: kleio
=========================
kleio translation started
=========================
Structure: gacto2.str
Prefix: 
Autorel: 
Translation count: 
Obs: 
Translation count not set or invalid, counting as zero: 
** Processing source fonte$avsbartolomeupub1

WARNING: sbartolomeupub_CRISTINA GUARDADO1.cli line 3 * Warning: Filename should match source Id to avoid errors. File: sbartolomeupub_CRISTINA GUARDADO1 Id: avsbartolomeupub1.
Near lines: 3 Near lines: 4       escritura$sbartcv1126.1/0/4/1126/compraevenda/fol=colsbart, cx. 2, m. 5, n. 1, guardado 1/loc=desconhecido/sumario=Goldrego e seus filhos, João, Julião, Justa e Legundia Pais vendem aos Confrades da igreja de S. Bartolomeu, Pedro Aires, João Vistreliz e Martim Soares, uma casa em Coimbra, perto dessa igreja./obs=documento publicado

WARNING: sbartolomeupub_CRISTINA GUARDADO1.cli line 3 Element value exceeds database field length: loc=colsbart, cx. 2, m. 5, n. 1; colsbart, cx. 2, m. 5, n. 1, guardado 1; colsbart, cx. 6, m. 12, n. 1, guardado 3; colsbart, cx. 6, m. 14, n. 1, guardado 4; colsbart, cx. 2, m. 5, n. 2, guardado 5; colsbart, cx. 6, m. 14, n. 3, guardado 7; colsbart, cx. 2, m. 5, n. 3, guardado 8; colsbart, cx. 1, m. 1, n. 3, guardado 9; colsbart, cx. 6, m. 13, n. 1, guardado 10; colsbart, cx. 2, m. 5, n. 4, guardado 11; colsbart, cx. 2, m. 5, n. 5, guardado 12; colsbart, cx. 2, m. 5, n. 6, guardado 14; colsbart, cx. 2, m. 5, n. 7, guardado 15; colsbart, cx. 6, m. 14, n. 4, guardado 16; colsbart, cx. 6, m. 14, n. 5, guardado 17; colsbart, cx. 2, m. 5, n. 8a, guardado 18; colsbart, cx. 6, m. 14, n. 6, guardado 19; colsbart, cx. 2, m. 5, n. 9, guardado 20; colsbart, cx. 2, m. 5, n. 10, guardado 21; colsbart, cx. 2, m. 5, n. 11 e Cabido se de Coimbra, 2 incorp., m. 25, n. 1028, guardado 23; colsbart, cx. 6, m. 13, n. 2, guardado 24; colsbart, cx. 2, m. 5, n. 16, guardado 31a; colsbart, cx. 2, m. 5, n. 13, guardado 25; colsbart, cx. 6, m. 14, n. 7, guardado 26; colsbart, cx. 2, m. 5, n. 14, guardado 27; colsbart, cx. 6, m. 14, n. 8, guardado 28; colsbart, cx. 2, m. 5, n. 15, guardado 29; colsbart, cx. 6, m. 14, n. 9, guardado 30; colsbart, cx. 2, m. 5, n. 16, guardado 31; colsbart, cx. 1, m. 1, n. 5, guardado 32; colsbart, cx. 6, m. 14, n. 10, guardado 33; colsbart, cx. 6, m. 14, n. 11, guardado 34; colsbart, cx. 6, m. 14, n. 12, guardado 35; colsbart, cx. 6, m. 13, n. 3, guardado 36; colsbart, cx. 6, m. 14, n. 13, guardado 37; colsbart, cx. 6, m. 13, n. 4; m. 14, n. 14; m. 14, n. 30, guardado 38; colsbart, cx. 2, m. 5, n. 18; guardado 40; colsbart, cx. 2, m. 5, n. 19; guardado 41; colsbart, cx. 2, m. 5, n. 20; guardado 42; colsbart, cx. 2, m. 5, n. 21; guardado 43; colsbart, cx. 2, m. 5, n. 22; guardado 44; colsbart, cx. 6, m. 14, n. 16; guardado 45; colsbart, cx. 2, m. 5, n. 23; guardado 46; colsbart, cx. 2, m. 5, n. 24; guardado 47; colsbart, cx. 6, m. 14, n. 17; guardado 48; colsbart, cx. 6, m. 14, n. 18; guardado 49; colsbart, cx. 2, m. 5, n. 17; guardado 50; colsbart, cx. 1, m. 1, n. 6; guardado 51; colsbart, cx. 2, m. 5, n. 25; guardado 52; colsbart, cx. 2, m. 5, n. 26; guardado 53; colsbart, cx. 2, m. 5, n. 27; guardado 54; colsbart, cx. 2, m. 5, n. 28; guardado 55; colsbart, cx. 2, m. 5, n. 29; guardado 56. Size:2331 limit: 64
Near lines: 3 Near lines: 4       escritura$sbartcv1126.1/0/4/1126/compraevenda/fol=colsbart, cx. 2, m. 5, n. 1, guardado 1/loc=desconhecido/sumario=Goldrego e seus filhos, João, Julião, Justa e Legundia Pais vendem aos Confrades da igreja de S. Bartolomeu, Pedro Aires, João Vistreliz e Martim Soares, uma casa em Coimbra, perto dessa igreja./obs=documento publicado
6: escritura$sbartcv1126.1
69: escritura$sbartcomp1210.1
131: escritura$sbartcomp1223.1
190: escritura$sbartcv1224.1
238: escritura$sbartsent1266.1
315: escritura$sbartemp1279.1
348: escritura$sbartsent1287.1
378: escritura$sbartsent1289.1
423: escritura$sbartesc1291.1
452: escritura$sbartemp1292.1
498: escritura$sbartdoa1295.1
540: escritura$sbartdoa1305.1
574: escritura$sbartsent1306.1
601: escritura$sbartsent1308.1
642: escritura$sbartaf1313.1
689: escritura$sbartsent1321.1
756: escritura$sbartemp1322.1
792: escritura$sbartemp1322.2
821: escritura$sbartcomp1324.1

WARNING: sbartolomeupub_CRISTINA GUARDADO1.cli line 820 Element value exceeds database field length: fol=colsbart, cx. 2, m. 5, n. 11 e Cabido se de Coimbra, 2 incorp., m. 25, n. 1028, guardado 23. Size:91 limit: 64
Near lines: 820 Near lines: 821          referido$Cabido da Se de Coimbra/id=sbartcomp1324.1.secbr
835: escritura$sbartsent1326.1
862: escritura$sbartdoa1326.1
902: escritura$sbartemp1329.1
943: escritura$sbartsent1329.1
981: escritura$sbartemp1331.1
1018: escritura$sbartsent1333.1

WARNING: sbartolomeupub_CRISTINA GUARDADO1.cli line 1043 Element value exceeds database field length: sexo=sbartsent1333.1.Estevão. Size:23 limit: 1
Near lines: 1043             referido$Estevão Domingues/sbartsent1333.1.Estevão/id=sbartsent1333.1.domingos-per4Near lines: 1044                rel$sociabilidade/procurador/Prior e Cabido de S. Bartolomeu/sbartsent1333.1.sbart
1060: escritura$sbartdoa1335.1
1100: escritura$sbartsent1335.1
1141: escritura$sbartdoa1337.1
1188: escritura$sbartsent1338.1
1245: escritura$sbartsent1341.1
1272: escritura$sbartsent1341.2
1303: escritura$sbartsent1345.1
1330: escritura$sbartsent1345.2
1369: escritura$sbartsent1346.1
1407: escritura$sbartproc1348.1

WARNING: sbartolomeupub_CRISTINA GUARDADO1.cli line 1406 Element value exceeds database field length: fol=colsbart, cx. 6, m. 13, n. 4; m. 14, n. 14; m. 14, n. 30, guardado 38. Size:69 limit: 64
Near lines: 1406 Near lines: 1407          constituinte$Prior e Cabido de S. Bartolomeu/id=sbartproc1348.1.sbart
1453: escritura$sbartemp1348.1
1499: escritura$sbartemp1348.2
1539: escritura$sbartemp1349.1
1581: escritura$sbartdoa1349.1
1620: escritura$sbartdoa1349.2
1657: escritura$sbartsent1351.1
1713: escritura$sbartemp1353.1
1755: escritura$sbartemp1355.1
1799: escritura$sbartsent1356.1

WARNING: sbartolomeupub_CRISTINA GUARDADO1.cli line 1830 Element value exceeds database field length: name=sobre a colheita devida por S. Bartolomeu a abadessa do mosteiro de lorvao. Size:74 limit: 64
Near lines: 1830 Near lines: 1831          defesa$consentimento/id=sbartsent1356.1-obj2
1837: escritura$sbartsent1357.1
1882: escritura$sbartemp1357.1
1915: escritura$sbartsent1357.2
1952: escritura$sbartpf1357.1
2010: escritura$sbartemp1357.2
2054: escritura$sbartemp1358.1
2100: escritura$sbartdoa1360.1
2152: escritura$sbartemp1361.1
2188: escritura$sbartaf1362.1
*** End of File


** Processed file- /kleio-home/sources/commersb/sources/sbartolomeupub_CRISTINA GUARDADO1.cli
** Original file- /kleio-home/sources/commersb/sources/sbartolomeupub_CRISTINA GUARDADO1.org
** Previous version- /kleio-home/sources/commersb/sources/sbartolomeupub_CRISTINA GUARDADO1.old
** Temp file with ids- /kleio-home/sources/commersb/sources/sbartolomeupub_CRISTINA GUARDADO1.ids
0  errors. 
6  warnings.
Translation finished.
